2020-10-04 15:57:12.126248: I tensorflow/stream_executor/platform/default/dso_loader.cc:44] Successfully opened dynamic library libcuda.so.1
2020-10-04 15:57:15.892279: I tensorflow/core/common_runtime/gpu/gpu_device.cc:1561] Found device 0 with properties: 
pciBusID: 0000:05:00.0 name: GeForce GTX 1080 computeCapability: 6.1
coreClock: 1.7335GHz coreCount: 20 deviceMemorySize: 7.93GiB deviceMemoryBandwidth: 298.32GiB/s
2020-10-04 15:57:15.896835: I tensorflow/stream_executor/platform/default/dso_loader.cc:44] Successfully opened dynamic library libcudart.so.10.1
2020-10-04 15:57:16.085352: I tensorflow/stream_executor/platform/default/dso_loader.cc:44] Successfully opened dynamic library libcublas.so.10
2020-10-04 15:57:16.184636: I tensorflow/stream_executor/platform/default/dso_loader.cc:44] Successfully opened dynamic library libcufft.so.10
2020-10-04 15:57:16.278708: I tensorflow/stream_executor/platform/default/dso_loader.cc:44] Successfully opened dynamic library libcurand.so.10
2020-10-04 15:57:16.423672: I tensorflow/stream_executor/platform/default/dso_loader.cc:44] Successfully opened dynamic library libcusolver.so.10
2020-10-04 15:57:16.496914: I tensorflow/stream_executor/platform/default/dso_loader.cc:44] Successfully opened dynamic library libcusparse.so.10
2020-10-04 15:57:16.755711: I tensorflow/stream_executor/platform/default/dso_loader.cc:44] Successfully opened dynamic library libcudnn.so.7
2020-10-04 15:57:16.758203: I tensorflow/core/common_runtime/gpu/gpu_device.cc:1703] Adding visible gpu devices: 0
2020-10-04 15:57:16.760099: I tensorflow/core/platform/cpu_feature_guard.cc:143] Your CPU supports instructions that this TensorFlow binary was not compiled to use: AVX2 FMA
2020-10-04 15:57:16.775966: I tensorflow/core/platform/profile_utils/cpu_utils.cc:102] CPU Frequency: 2599995000 Hz
2020-10-04 15:57:16.776140: I tensorflow/compiler/xla/service/service.cc:168] XLA service 0x7f9904000cd0 initialized for platform Host (this does not guarantee that XLA will be used). Devices:
2020-10-04 15:57:16.776155: I tensorflow/compiler/xla/service/service.cc:176]   StreamExecutor device (0): Host, Default Version
2020-10-04 15:57:16.909359: I tensorflow/compiler/xla/service/service.cc:168] XLA service 0x7f98f4000b20 initialized for platform CUDA (this does not guarantee that XLA will be used). Devices:
2020-10-04 15:57:16.909394: I tensorflow/compiler/xla/service/service.cc:176]   StreamExecutor device (0): GeForce GTX 1080, Compute Capability 6.1
2020-10-04 15:57:16.927219: I tensorflow/core/common_runtime/gpu/gpu_device.cc:1561] Found device 0 with properties: 
pciBusID: 0000:05:00.0 name: GeForce GTX 1080 computeCapability: 6.1
coreClock: 1.7335GHz coreCount: 20 deviceMemorySize: 7.93GiB deviceMemoryBandwidth: 298.32GiB/s
2020-10-04 15:57:16.927271: I tensorflow/stream_executor/platform/default/dso_loader.cc:44] Successfully opened dynamic library libcudart.so.10.1
2020-10-04 15:57:16.927288: I tensorflow/stream_executor/platform/default/dso_loader.cc:44] Successfully opened dynamic library libcublas.so.10
2020-10-04 15:57:16.927303: I tensorflow/stream_executor/platform/default/dso_loader.cc:44] Successfully opened dynamic library libcufft.so.10
2020-10-04 15:57:16.927316: I tensorflow/stream_executor/platform/default/dso_loader.cc:44] Successfully opened dynamic library libcurand.so.10
2020-10-04 15:57:16.927330: I tensorflow/stream_executor/platform/default/dso_loader.cc:44] Successfully opened dynamic library libcusolver.so.10
2020-10-04 15:57:16.927342: I tensorflow/stream_executor/platform/default/dso_loader.cc:44] Successfully opened dynamic library libcusparse.so.10
2020-10-04 15:57:16.927356: I tensorflow/stream_executor/platform/default/dso_loader.cc:44] Successfully opened dynamic library libcudnn.so.7
2020-10-04 15:57:16.929478: I tensorflow/core/common_runtime/gpu/gpu_device.cc:1703] Adding visible gpu devices: 0
2020-10-04 15:57:16.929535: I tensorflow/stream_executor/platform/default/dso_loader.cc:44] Successfully opened dynamic library libcudart.so.10.1
2020-10-04 15:57:16.931116: I tensorflow/core/common_runtime/gpu/gpu_device.cc:1102] Device interconnect StreamExecutor with strength 1 edge matrix:
2020-10-04 15:57:16.931137: I tensorflow/core/common_runtime/gpu/gpu_device.cc:1108]      0 
2020-10-04 15:57:16.931148: I tensorflow/core/common_runtime/gpu/gpu_device.cc:1121] 0:   N 
2020-10-04 15:57:16.933458: I tensorflow/core/common_runtime/gpu/gpu_device.cc:1247] Created TensorFlow device (/job:localhost/replica:0/task:0/device:GPU:0 with 7526 MB memory) -> physical GPU (device: 0, name: GeForce GTX 1080, pci bus id: 0000:05:00.0, compute capability: 6.1)
2020-10-04 15:57:37.436357: I tensorflow/stream_executor/platform/default/dso_loader.cc:44] Successfully opened dynamic library libcudnn.so.7
2020-10-04 15:57:43.152566: I tensorflow/stream_executor/platform/default/dso_loader.cc:44] Successfully opened dynamic library libcublas.so.10
slurmstepd: error: *** JOB 4551259 ON g0604 CANCELLED AT 2020-10-04T16:11:32 ***
