2020-09-30 22:15:34.894291: I tensorflow/stream_executor/platform/default/dso_loader.cc:44] Successfully opened dynamic library libcuda.so.1
2020-09-30 22:15:38.417070: I tensorflow/core/common_runtime/gpu/gpu_device.cc:1561] Found device 0 with properties: 
pciBusID: 0000:04:00.0 name: GeForce GTX 1080 computeCapability: 6.1
coreClock: 1.7335GHz coreCount: 20 deviceMemorySize: 7.93GiB deviceMemoryBandwidth: 298.32GiB/s
2020-09-30 22:15:38.423409: I tensorflow/stream_executor/platform/default/dso_loader.cc:44] Successfully opened dynamic library libcudart.so.10.1
2020-09-30 22:15:38.592838: I tensorflow/stream_executor/platform/default/dso_loader.cc:44] Successfully opened dynamic library libcublas.so.10
2020-09-30 22:15:38.680916: I tensorflow/stream_executor/platform/default/dso_loader.cc:44] Successfully opened dynamic library libcufft.so.10
2020-09-30 22:15:38.769110: I tensorflow/stream_executor/platform/default/dso_loader.cc:44] Successfully opened dynamic library libcurand.so.10
2020-09-30 22:15:38.899191: I tensorflow/stream_executor/platform/default/dso_loader.cc:44] Successfully opened dynamic library libcusolver.so.10
2020-09-30 22:15:38.964397: I tensorflow/stream_executor/platform/default/dso_loader.cc:44] Successfully opened dynamic library libcusparse.so.10
2020-09-30 22:15:39.189971: I tensorflow/stream_executor/platform/default/dso_loader.cc:44] Successfully opened dynamic library libcudnn.so.7
2020-09-30 22:15:39.192275: I tensorflow/core/common_runtime/gpu/gpu_device.cc:1703] Adding visible gpu devices: 0
2020-09-30 22:15:39.192671: I tensorflow/core/platform/cpu_feature_guard.cc:143] Your CPU supports instructions that this TensorFlow binary was not compiled to use: AVX2 FMA
2020-09-30 22:15:39.201460: I tensorflow/core/platform/profile_utils/cpu_utils.cc:102] CPU Frequency: 2600085000 Hz
2020-09-30 22:15:39.201622: I tensorflow/compiler/xla/service/service.cc:168] XLA service 0x7f810c000b20 initialized for platform Host (this does not guarantee that XLA will be used). Devices:
2020-09-30 22:15:39.201635: I tensorflow/compiler/xla/service/service.cc:176]   StreamExecutor device (0): Host, Default Version
2020-09-30 22:15:39.311607: I tensorflow/compiler/xla/service/service.cc:168] XLA service 0x51d48d0 initialized for platform CUDA (this does not guarantee that XLA will be used). Devices:
2020-09-30 22:15:39.311637: I tensorflow/compiler/xla/service/service.cc:176]   StreamExecutor device (0): GeForce GTX 1080, Compute Capability 6.1
2020-09-30 22:15:39.328547: I tensorflow/core/common_runtime/gpu/gpu_device.cc:1561] Found device 0 with properties: 
pciBusID: 0000:04:00.0 name: GeForce GTX 1080 computeCapability: 6.1
coreClock: 1.7335GHz coreCount: 20 deviceMemorySize: 7.93GiB deviceMemoryBandwidth: 298.32GiB/s
2020-09-30 22:15:39.328603: I tensorflow/stream_executor/platform/default/dso_loader.cc:44] Successfully opened dynamic library libcudart.so.10.1
2020-09-30 22:15:39.328626: I tensorflow/stream_executor/platform/default/dso_loader.cc:44] Successfully opened dynamic library libcublas.so.10
2020-09-30 22:15:39.328643: I tensorflow/stream_executor/platform/default/dso_loader.cc:44] Successfully opened dynamic library libcufft.so.10
2020-09-30 22:15:39.328660: I tensorflow/stream_executor/platform/default/dso_loader.cc:44] Successfully opened dynamic library libcurand.so.10
2020-09-30 22:15:39.328676: I tensorflow/stream_executor/platform/default/dso_loader.cc:44] Successfully opened dynamic library libcusolver.so.10
2020-09-30 22:15:39.328692: I tensorflow/stream_executor/platform/default/dso_loader.cc:44] Successfully opened dynamic library libcusparse.so.10
2020-09-30 22:15:39.328707: I tensorflow/stream_executor/platform/default/dso_loader.cc:44] Successfully opened dynamic library libcudnn.so.7
2020-09-30 22:15:39.330909: I tensorflow/core/common_runtime/gpu/gpu_device.cc:1703] Adding visible gpu devices: 0
2020-09-30 22:15:39.330951: I tensorflow/stream_executor/platform/default/dso_loader.cc:44] Successfully opened dynamic library libcudart.so.10.1
2020-09-30 22:15:39.332490: I tensorflow/core/common_runtime/gpu/gpu_device.cc:1102] Device interconnect StreamExecutor with strength 1 edge matrix:
2020-09-30 22:15:39.332519: I tensorflow/core/common_runtime/gpu/gpu_device.cc:1108]      0 
2020-09-30 22:15:39.332530: I tensorflow/core/common_runtime/gpu/gpu_device.cc:1121] 0:   N 
2020-09-30 22:15:39.335823: I tensorflow/core/common_runtime/gpu/gpu_device.cc:1247] Created TensorFlow device (/job:localhost/replica:0/task:0/device:GPU:0 with 7526 MB memory) -> physical GPU (device: 0, name: GeForce GTX 1080, pci bus id: 0000:04:00.0, compute capability: 6.1)
2020-09-30 22:15:58.192177: I tensorflow/stream_executor/platform/default/dso_loader.cc:44] Successfully opened dynamic library libcudnn.so.7
2020-09-30 22:16:04.231656: I tensorflow/stream_executor/platform/default/dso_loader.cc:44] Successfully opened dynamic library libcublas.so.10
slurmstepd: error: *** JOB 4168948 ON g0605 CANCELLED AT 2020-10-01T06:22:05 ***
