2020-09-30 20:00:27.468149: I tensorflow/stream_executor/platform/default/dso_loader.cc:44] Successfully opened dynamic library libcuda.so.1
2020-09-30 20:00:30.833569: I tensorflow/core/common_runtime/gpu/gpu_device.cc:1561] Found device 0 with properties: 
pciBusID: 0000:05:00.0 name: GeForce GTX 1080 computeCapability: 6.1
coreClock: 1.7335GHz coreCount: 20 deviceMemorySize: 7.93GiB deviceMemoryBandwidth: 298.32GiB/s
2020-09-30 20:00:30.873896: I tensorflow/stream_executor/platform/default/dso_loader.cc:44] Successfully opened dynamic library libcudart.so.10.1
2020-09-30 20:00:31.132782: I tensorflow/stream_executor/platform/default/dso_loader.cc:44] Successfully opened dynamic library libcublas.so.10
2020-09-30 20:00:31.326198: I tensorflow/stream_executor/platform/default/dso_loader.cc:44] Successfully opened dynamic library libcufft.so.10
2020-09-30 20:00:31.879544: I tensorflow/stream_executor/platform/default/dso_loader.cc:44] Successfully opened dynamic library libcurand.so.10
2020-09-30 20:00:32.096480: I tensorflow/stream_executor/platform/default/dso_loader.cc:44] Successfully opened dynamic library libcusolver.so.10
2020-09-30 20:00:32.216524: I tensorflow/stream_executor/platform/default/dso_loader.cc:44] Successfully opened dynamic library libcusparse.so.10
2020-09-30 20:00:32.601262: I tensorflow/stream_executor/platform/default/dso_loader.cc:44] Successfully opened dynamic library libcudnn.so.7
2020-09-30 20:00:32.606879: I tensorflow/core/common_runtime/gpu/gpu_device.cc:1703] Adding visible gpu devices: 0
2020-09-30 20:00:32.607605: I tensorflow/core/platform/cpu_feature_guard.cc:143] Your CPU supports instructions that this TensorFlow binary was not compiled to use: AVX2 FMA
2020-09-30 20:00:32.618480: I tensorflow/core/platform/profile_utils/cpu_utils.cc:102] CPU Frequency: 2600045000 Hz
2020-09-30 20:00:32.618644: I tensorflow/compiler/xla/service/service.cc:168] XLA service 0x7f43d4000b20 initialized for platform Host (this does not guarantee that XLA will be used). Devices:
2020-09-30 20:00:32.618656: I tensorflow/compiler/xla/service/service.cc:176]   StreamExecutor device (0): Host, Default Version
2020-09-30 20:00:32.741999: I tensorflow/compiler/xla/service/service.cc:168] XLA service 0x4bd0ea0 initialized for platform CUDA (this does not guarantee that XLA will be used). Devices:
2020-09-30 20:00:32.742037: I tensorflow/compiler/xla/service/service.cc:176]   StreamExecutor device (0): GeForce GTX 1080, Compute Capability 6.1
2020-09-30 20:00:32.758978: I tensorflow/core/common_runtime/gpu/gpu_device.cc:1561] Found device 0 with properties: 
pciBusID: 0000:05:00.0 name: GeForce GTX 1080 computeCapability: 6.1
coreClock: 1.7335GHz coreCount: 20 deviceMemorySize: 7.93GiB deviceMemoryBandwidth: 298.32GiB/s
2020-09-30 20:00:32.759047: I tensorflow/stream_executor/platform/default/dso_loader.cc:44] Successfully opened dynamic library libcudart.so.10.1
2020-09-30 20:00:32.759068: I tensorflow/stream_executor/platform/default/dso_loader.cc:44] Successfully opened dynamic library libcublas.so.10
2020-09-30 20:00:32.759084: I tensorflow/stream_executor/platform/default/dso_loader.cc:44] Successfully opened dynamic library libcufft.so.10
2020-09-30 20:00:32.759100: I tensorflow/stream_executor/platform/default/dso_loader.cc:44] Successfully opened dynamic library libcurand.so.10
2020-09-30 20:00:32.759117: I tensorflow/stream_executor/platform/default/dso_loader.cc:44] Successfully opened dynamic library libcusolver.so.10
2020-09-30 20:00:32.759132: I tensorflow/stream_executor/platform/default/dso_loader.cc:44] Successfully opened dynamic library libcusparse.so.10
2020-09-30 20:00:32.759149: I tensorflow/stream_executor/platform/default/dso_loader.cc:44] Successfully opened dynamic library libcudnn.so.7
2020-09-30 20:00:32.761422: I tensorflow/core/common_runtime/gpu/gpu_device.cc:1703] Adding visible gpu devices: 0
2020-09-30 20:00:32.761480: I tensorflow/stream_executor/platform/default/dso_loader.cc:44] Successfully opened dynamic library libcudart.so.10.1
2020-09-30 20:00:32.763243: I tensorflow/core/common_runtime/gpu/gpu_device.cc:1102] Device interconnect StreamExecutor with strength 1 edge matrix:
2020-09-30 20:00:32.763285: I tensorflow/core/common_runtime/gpu/gpu_device.cc:1108]      0 
2020-09-30 20:00:32.763304: I tensorflow/core/common_runtime/gpu/gpu_device.cc:1121] 0:   N 
2020-09-30 20:00:32.765800: I tensorflow/core/common_runtime/gpu/gpu_device.cc:1247] Created TensorFlow device (/job:localhost/replica:0/task:0/device:GPU:0 with 7526 MB memory) -> physical GPU (device: 0, name: GeForce GTX 1080, pci bus id: 0000:05:00.0, compute capability: 6.1)
Starting PreTraining Script
Tensorflow version: 2.2.1
Current time: 09-30-2020-20:00:27
Training on 1 epochs of 5 batches each
Loading Data for epoch 0 batch 0
Traceback (most recent call last):
  File "small_pretrain.py", line 110, in <module>
    boundary_arrays.append(np.load(boundary_files[permuted_indices[batch*batch_size + i]]))
IndexError: list index out of range
