2020-10-04 16:14:09.989156: I tensorflow/stream_executor/platform/default/dso_loader.cc:44] Successfully opened dynamic library libcuda.so.1
2020-10-04 16:14:12.679710: I tensorflow/core/common_runtime/gpu/gpu_device.cc:1561] Found device 0 with properties: 
pciBusID: 0000:05:00.0 name: GeForce GTX 1080 computeCapability: 6.1
coreClock: 1.7335GHz coreCount: 20 deviceMemorySize: 7.93GiB deviceMemoryBandwidth: 298.32GiB/s
2020-10-04 16:14:12.756442: I tensorflow/stream_executor/platform/default/dso_loader.cc:44] Successfully opened dynamic library libcudart.so.10.1
2020-10-04 16:14:12.910656: I tensorflow/stream_executor/platform/default/dso_loader.cc:44] Successfully opened dynamic library libcublas.so.10
2020-10-04 16:14:13.022367: I tensorflow/stream_executor/platform/default/dso_loader.cc:44] Successfully opened dynamic library libcufft.so.10
2020-10-04 16:14:13.354063: I tensorflow/stream_executor/platform/default/dso_loader.cc:44] Successfully opened dynamic library libcurand.so.10
2020-10-04 16:14:13.539421: I tensorflow/stream_executor/platform/default/dso_loader.cc:44] Successfully opened dynamic library libcusolver.so.10
2020-10-04 16:14:13.612738: I tensorflow/stream_executor/platform/default/dso_loader.cc:44] Successfully opened dynamic library libcusparse.so.10
2020-10-04 16:14:13.851470: I tensorflow/stream_executor/platform/default/dso_loader.cc:44] Successfully opened dynamic library libcudnn.so.7
2020-10-04 16:14:13.854480: I tensorflow/core/common_runtime/gpu/gpu_device.cc:1703] Adding visible gpu devices: 0
2020-10-04 16:14:13.855404: I tensorflow/core/platform/cpu_feature_guard.cc:143] Your CPU supports instructions that this TensorFlow binary was not compiled to use: AVX2 FMA
2020-10-04 16:14:13.864598: I tensorflow/core/platform/profile_utils/cpu_utils.cc:102] CPU Frequency: 2600245000 Hz
2020-10-04 16:14:13.864758: I tensorflow/compiler/xla/service/service.cc:168] XLA service 0x7f0624000b20 initialized for platform Host (this does not guarantee that XLA will be used). Devices:
2020-10-04 16:14:13.864770: I tensorflow/compiler/xla/service/service.cc:176]   StreamExecutor device (0): Host, Default Version
2020-10-04 16:14:13.996283: I tensorflow/compiler/xla/service/service.cc:168] XLA service 0x5c82260 initialized for platform CUDA (this does not guarantee that XLA will be used). Devices:
2020-10-04 16:14:13.996315: I tensorflow/compiler/xla/service/service.cc:176]   StreamExecutor device (0): GeForce GTX 1080, Compute Capability 6.1
2020-10-04 16:14:14.011342: I tensorflow/core/common_runtime/gpu/gpu_device.cc:1561] Found device 0 with properties: 
pciBusID: 0000:05:00.0 name: GeForce GTX 1080 computeCapability: 6.1
coreClock: 1.7335GHz coreCount: 20 deviceMemorySize: 7.93GiB deviceMemoryBandwidth: 298.32GiB/s
2020-10-04 16:14:14.011389: I tensorflow/stream_executor/platform/default/dso_loader.cc:44] Successfully opened dynamic library libcudart.so.10.1
2020-10-04 16:14:14.011401: I tensorflow/stream_executor/platform/default/dso_loader.cc:44] Successfully opened dynamic library libcublas.so.10
2020-10-04 16:14:14.011410: I tensorflow/stream_executor/platform/default/dso_loader.cc:44] Successfully opened dynamic library libcufft.so.10
2020-10-04 16:14:14.011419: I tensorflow/stream_executor/platform/default/dso_loader.cc:44] Successfully opened dynamic library libcurand.so.10
2020-10-04 16:14:14.011428: I tensorflow/stream_executor/platform/default/dso_loader.cc:44] Successfully opened dynamic library libcusolver.so.10
2020-10-04 16:14:14.011436: I tensorflow/stream_executor/platform/default/dso_loader.cc:44] Successfully opened dynamic library libcusparse.so.10
2020-10-04 16:14:14.011445: I tensorflow/stream_executor/platform/default/dso_loader.cc:44] Successfully opened dynamic library libcudnn.so.7
2020-10-04 16:14:14.014033: I tensorflow/core/common_runtime/gpu/gpu_device.cc:1703] Adding visible gpu devices: 0
2020-10-04 16:14:14.014061: I tensorflow/stream_executor/platform/default/dso_loader.cc:44] Successfully opened dynamic library libcudart.so.10.1
2020-10-04 16:14:14.015782: I tensorflow/core/common_runtime/gpu/gpu_device.cc:1102] Device interconnect StreamExecutor with strength 1 edge matrix:
2020-10-04 16:14:14.015799: I tensorflow/core/common_runtime/gpu/gpu_device.cc:1108]      0 
2020-10-04 16:14:14.015810: I tensorflow/core/common_runtime/gpu/gpu_device.cc:1121] 0:   N 
2020-10-04 16:14:14.018625: I tensorflow/core/common_runtime/gpu/gpu_device.cc:1247] Created TensorFlow device (/job:localhost/replica:0/task:0/device:GPU:0 with 7526 MB memory) -> physical GPU (device: 0, name: GeForce GTX 1080, pci bus id: 0000:05:00.0, compute capability: 6.1)
2020-10-04 16:14:29.688774: I tensorflow/stream_executor/platform/default/dso_loader.cc:44] Successfully opened dynamic library libcudnn.so.7
2020-10-04 16:14:35.317523: I tensorflow/stream_executor/platform/default/dso_loader.cc:44] Successfully opened dynamic library libcublas.so.10
